0 info it worked if it ends with ok
1 verbose cli [ '/usr/local/bin/node', '/usr/local/bin/npm', 'init' ]
2 info using npm@1.2.0
3 info using node@v0.9.6
4 verbose read json /Users/julyanne/Desktop/the thnig/project_a/package.json
5 silly package data undefined
6 info init written successfully
7 error Error: canceled
7 error     at Interface.<anonymous> (/usr/local/lib/node_modules/npm/node_modules/read/lib/read.js:65:13)
7 error     at Interface.EventEmitter.emit (events.js:91:17)
7 error     at Interface._ttyWrite (readline.js:609:16)
7 error     at ReadStream.onkeypress (readline.js:97:10)
7 error     at ReadStream.EventEmitter.emit (events.js:97:17)
7 error     at emitKey (readline.js:1062:12)
7 error     at ReadStream.onData (readline.js:811:14)
7 error     at ReadStream.EventEmitter.emit (events.js:94:17)
7 error     at ReadStream.<anonymous> (_stream_readable.js:574:14)
7 error     at ReadStream.EventEmitter.emit (events.js:91:17)
8 error If you need help, you may report this log at:
8 error     <http://github.com/isaacs/npm/issues>
8 error or email it to:
8 error     <npm-@googlegroups.com>
9 error System Darwin 15.3.0
10 error command "/usr/local/bin/node" "/usr/local/bin/npm" "init"
11 error cwd /Users/julyanne/Desktop/the thnig/project_a
12 error node -v v0.9.6
13 error npm -v 1.2.0
14 verbose exit [ 1, true ]
